
*** Running vivado
    with args -log uart_top.vds -m64 -product Vivado -mode batch -messageDb vivado.pb -notrace -source uart_top.tcl


****** Vivado v2018.1 (64-bit)
  **** SW Build 2188600 on Wed Apr  4 18:40:38 MDT 2018
  **** IP Build 2185939 on Wed Apr  4 20:55:05 MDT 2018
    ** Copyright 1986-2018 Xilinx, Inc. All Rights Reserved.

source uart_top.tcl -notrace
Command: synth_design -top uart_top -part xc7a100tcsg324-1
Starting synth_design
Attempting to get a license for feature 'Synthesis' and/or device 'xc7a100t'
INFO: [Common 17-349] Got license for feature 'Synthesis' and/or device 'xc7a100t'
INFO: Launching helper process for spawning children vivado processes
INFO: Helper process launched with PID 17428 
---------------------------------------------------------------------------------
Starting RTL Elaboration : Time (s): cpu = 00:00:02 ; elapsed = 00:00:03 . Memory (MB): peak = 370.703 ; gain = 97.445
---------------------------------------------------------------------------------
INFO: [Synth 8-638] synthesizing module 'uart_top' [C:/Users/ASUS/Documents/CESE/CLP/Practicas/practica_2/practica_2.srcs/sources_1/imports/Archivos para la práctica-2-20251002/uart_top.vhd:36]
	Parameter BAUD_RATE bound to: 115200 - type: integer 
	Parameter CLOCK_RATE bound to: 125000000 - type: integer 
INFO: [Synth 8-3491] module 'uart_led' declared at 'C:/Users/ASUS/Documents/CESE/CLP/Practicas/practica_2/practica_2.srcs/sources_1/imports/Archivos para la práctica-2-20251002/uart_led.vhd:28' bound to instance 'U0' of component 'uart_led' [C:/Users/ASUS/Documents/CESE/CLP/Practicas/practica_2/practica_2.srcs/sources_1/imports/Archivos para la práctica-2-20251002/uart_top.vhd:55]
INFO: [Synth 8-638] synthesizing module 'uart_led' [C:/Users/ASUS/Documents/CESE/CLP/Practicas/practica_2/practica_2.srcs/sources_1/imports/Archivos para la práctica-2-20251002/uart_led.vhd:43]
	Parameter BAUD_RATE bound to: 115200 - type: integer 
	Parameter CLOCK_RATE bound to: 125000000 - type: integer 
INFO: [Synth 8-3491] module 'meta_harden' declared at 'C:/Users/ASUS/Documents/CESE/CLP/Practicas/practica_2/practica_2.srcs/sources_1/imports/Archivos para la práctica-2-20251002/meta_harden.vhd:27' bound to instance 'meta_harden_rst_i0' of component 'meta_harden' [C:/Users/ASUS/Documents/CESE/CLP/Practicas/practica_2/practica_2.srcs/sources_1/imports/Archivos para la práctica-2-20251002/uart_led.vhd:98]
INFO: [Synth 8-638] synthesizing module 'meta_harden' [C:/Users/ASUS/Documents/CESE/CLP/Practicas/practica_2/practica_2.srcs/sources_1/imports/Archivos para la práctica-2-20251002/meta_harden.vhd:36]
INFO: [Synth 8-256] done synthesizing module 'meta_harden' (1#1) [C:/Users/ASUS/Documents/CESE/CLP/Practicas/practica_2/practica_2.srcs/sources_1/imports/Archivos para la práctica-2-20251002/meta_harden.vhd:36]
INFO: [Synth 8-3491] module 'meta_harden' declared at 'C:/Users/ASUS/Documents/CESE/CLP/Practicas/practica_2/practica_2.srcs/sources_1/imports/Archivos para la práctica-2-20251002/meta_harden.vhd:27' bound to instance 'meta_harden_btn_i0' of component 'meta_harden' [C:/Users/ASUS/Documents/CESE/CLP/Practicas/practica_2/practica_2.srcs/sources_1/imports/Archivos para la práctica-2-20251002/uart_led.vhd:107]
	Parameter BAUD_RATE bound to: 115200 - type: integer 
	Parameter CLOCK_RATE bound to: 125000000 - type: integer 
INFO: [Synth 8-3491] module 'uart_rx' declared at 'C:/Users/ASUS/Documents/CESE/CLP/Practicas/practica_2/practica_2.srcs/sources_1/imports/Archivos para la práctica-2-20251002/uart_rx.vhd:38' bound to instance 'uart_rx_i0' of component 'uart_rx' [C:/Users/ASUS/Documents/CESE/CLP/Practicas/practica_2/practica_2.srcs/sources_1/imports/Archivos para la práctica-2-20251002/uart_led.vhd:115]
INFO: [Synth 8-638] synthesizing module 'uart_rx' [C:/Users/ASUS/Documents/CESE/CLP/Practicas/practica_2/practica_2.srcs/sources_1/imports/Archivos para la práctica-2-20251002/uart_rx.vhd:58]
	Parameter BAUD_RATE bound to: 115200 - type: integer 
	Parameter CLOCK_RATE bound to: 125000000 - type: integer 
INFO: [Synth 8-3491] module 'meta_harden' declared at 'C:/Users/ASUS/Documents/CESE/CLP/Practicas/practica_2/practica_2.srcs/sources_1/imports/Archivos para la práctica-2-20251002/meta_harden.vhd:27' bound to instance 'meta_harden_rxd_i0' of component 'meta_harden' [C:/Users/ASUS/Documents/CESE/CLP/Practicas/practica_2/practica_2.srcs/sources_1/imports/Archivos para la práctica-2-20251002/uart_rx.vhd:108]
	Parameter BAUD_RATE bound to: 115200 - type: integer 
	Parameter CLOCK_RATE bound to: 125000000 - type: integer 
INFO: [Synth 8-3491] module 'uart_baud_gen' declared at 'C:/Users/ASUS/Documents/CESE/CLP/Practicas/practica_2/practica_2.srcs/sources_1/imports/Archivos para la práctica-2-20251002/uart_baud_gen.vhd:36' bound to instance 'uart_baud_gen_rx_i0' of component 'uart_baud_gen' [C:/Users/ASUS/Documents/CESE/CLP/Practicas/practica_2/practica_2.srcs/sources_1/imports/Archivos para la práctica-2-20251002/uart_rx.vhd:116]
INFO: [Synth 8-638] synthesizing module 'uart_baud_gen' [C:/Users/ASUS/Documents/CESE/CLP/Practicas/practica_2/practica_2.srcs/sources_1/imports/Archivos para la práctica-2-20251002/uart_baud_gen.vhd:50]
	Parameter BAUD_RATE bound to: 115200 - type: integer 
	Parameter CLOCK_RATE bound to: 125000000 - type: integer 
INFO: [Synth 8-256] done synthesizing module 'uart_baud_gen' (2#1) [C:/Users/ASUS/Documents/CESE/CLP/Practicas/practica_2/practica_2.srcs/sources_1/imports/Archivos para la práctica-2-20251002/uart_baud_gen.vhd:50]
INFO: [Synth 8-3491] module 'uart_rx_ctl' declared at 'C:/Users/ASUS/Documents/CESE/CLP/Practicas/practica_2/practica_2.srcs/sources_1/imports/Archivos para la práctica-2-20251002/uart_rx_ctl.vhd:53' bound to instance 'uart_rx_ctl_i0' of component 'uart_rx_ctl' [C:/Users/ASUS/Documents/CESE/CLP/Practicas/practica_2/practica_2.srcs/sources_1/imports/Archivos para la práctica-2-20251002/uart_rx.vhd:127]
INFO: [Synth 8-638] synthesizing module 'uart_rx_ctl' [C:/Users/ASUS/Documents/CESE/CLP/Practicas/practica_2/practica_2.srcs/sources_1/imports/Archivos para la práctica-2-20251002/uart_rx_ctl.vhd:70]
INFO: [Synth 8-226] default block is never used [C:/Users/ASUS/Documents/CESE/CLP/Practicas/practica_2/practica_2.srcs/sources_1/imports/Archivos para la práctica-2-20251002/uart_rx_ctl.vhd:95]
INFO: [Synth 8-256] done synthesizing module 'uart_rx_ctl' (3#1) [C:/Users/ASUS/Documents/CESE/CLP/Practicas/practica_2/practica_2.srcs/sources_1/imports/Archivos para la práctica-2-20251002/uart_rx_ctl.vhd:70]
INFO: [Synth 8-256] done synthesizing module 'uart_rx' (4#1) [C:/Users/ASUS/Documents/CESE/CLP/Practicas/practica_2/practica_2.srcs/sources_1/imports/Archivos para la práctica-2-20251002/uart_rx.vhd:58]
INFO: [Synth 8-3491] module 'led_ctl' declared at 'C:/Users/ASUS/Documents/CESE/CLP/Practicas/practica_2/practica_2.srcs/sources_1/imports/Archivos para la práctica-2-20251002/led_ctl.vhd:27' bound to instance 'led_ctl_i0' of component 'led_ctl' [C:/Users/ASUS/Documents/CESE/CLP/Practicas/practica_2/practica_2.srcs/sources_1/imports/Archivos para la práctica-2-20251002/uart_led.vhd:132]
INFO: [Synth 8-638] synthesizing module 'led_ctl' [C:/Users/ASUS/Documents/CESE/CLP/Practicas/practica_2/practica_2.srcs/sources_1/imports/Archivos para la práctica-2-20251002/led_ctl.vhd:39]
WARNING: [Synth 8-614] signal 'led_pipeline_reg' is read in the process but is not in the sensitivity list [C:/Users/ASUS/Documents/CESE/CLP/Practicas/practica_2/practica_2.srcs/sources_1/imports/Archivos para la práctica-2-20251002/led_ctl.vhd:45]
WARNING: [Synth 8-6014] Unused sequential element led_o_reg was removed.  [C:/Users/ASUS/Documents/CESE/CLP/Practicas/practica_2/practica_2.srcs/sources_1/imports/Archivos para la práctica-2-20251002/led_ctl.vhd:51]
INFO: [Synth 8-256] done synthesizing module 'led_ctl' (5#1) [C:/Users/ASUS/Documents/CESE/CLP/Practicas/practica_2/practica_2.srcs/sources_1/imports/Archivos para la práctica-2-20251002/led_ctl.vhd:39]
INFO: [Synth 8-256] done synthesizing module 'uart_led' (6#1) [C:/Users/ASUS/Documents/CESE/CLP/Practicas/practica_2/practica_2.srcs/sources_1/imports/Archivos para la práctica-2-20251002/uart_led.vhd:43]
INFO: [Synth 8-256] done synthesizing module 'uart_top' (7#1) [C:/Users/ASUS/Documents/CESE/CLP/Practicas/practica_2/practica_2.srcs/sources_1/imports/Archivos para la práctica-2-20251002/uart_top.vhd:36]
---------------------------------------------------------------------------------
Finished RTL Elaboration : Time (s): cpu = 00:00:03 ; elapsed = 00:00:03 . Memory (MB): peak = 425.754 ; gain = 152.496
---------------------------------------------------------------------------------

Report Check Netlist: 
+------+------------------+-------+---------+-------+------------------+
|      |Item              |Errors |Warnings |Status |Description       |
+------+------------------+-------+---------+-------+------------------+
|1     |multi_driven_nets |      0|        0|Passed |Multi driven nets |
+------+------------------+-------+---------+-------+------------------+
---------------------------------------------------------------------------------
Start Handling Custom Attributes
---------------------------------------------------------------------------------
---------------------------------------------------------------------------------
Finished Handling Custom Attributes : Time (s): cpu = 00:00:03 ; elapsed = 00:00:04 . Memory (MB): peak = 425.754 ; gain = 152.496
---------------------------------------------------------------------------------
---------------------------------------------------------------------------------
Finished RTL Optimization Phase 1 : Time (s): cpu = 00:00:03 ; elapsed = 00:00:04 . Memory (MB): peak = 425.754 ; gain = 152.496
---------------------------------------------------------------------------------
INFO: [Device 21-403] Loading part xc7a100tcsg324-1
INFO: [Project 1-570] Preparing netlist for logic optimization

Processing XDC Constraints
Initializing timing engine
Parsing XDC File [C:/Users/ASUS/Documents/CESE/CLP/Practicas/practica_2/practica_2.srcs/constrs_1/imports/Archivos para la práctica-2-20251002/uart_led_timing_ArtyZ7.xdc]
INFO: [Constraints 18-483] create_clock: no pin(s)/port(s)/net(s) specified as objects, only virtual clock 'virtual_clock' will be created. If you don't want this, please specify pin(s)/ports(s)/net(s) as objects to the command. [C:/Users/ASUS/Documents/CESE/CLP/Practicas/practica_2/practica_2.srcs/constrs_1/imports/Archivos para la práctica-2-20251002/uart_led_timing_ArtyZ7.xdc:7]
Finished Parsing XDC File [C:/Users/ASUS/Documents/CESE/CLP/Practicas/practica_2/practica_2.srcs/constrs_1/imports/Archivos para la práctica-2-20251002/uart_led_timing_ArtyZ7.xdc]
Parsing XDC File [C:/Users/ASUS/Documents/CESE/CLP/Practicas/practica_2/practica_2.srcs/constrs_1/imports/Archivos para la práctica-2-20251002/uart_led_pins_ArtyZ7.xdc]
Finished Parsing XDC File [C:/Users/ASUS/Documents/CESE/CLP/Practicas/practica_2/practica_2.srcs/constrs_1/imports/Archivos para la práctica-2-20251002/uart_led_pins_ArtyZ7.xdc]
INFO: [Project 1-236] Implementation specific constraints were found while reading constraint file [C:/Users/ASUS/Documents/CESE/CLP/Practicas/practica_2/practica_2.srcs/constrs_1/imports/Archivos para la práctica-2-20251002/uart_led_pins_ArtyZ7.xdc]. These constraints will be ignored for synthesis but will be used in implementation. Impacted constraints are listed in the file [.Xil/uart_top_propImpl.xdc].
Resolution: To avoid this warning, move constraints listed in [.Xil/uart_top_propImpl.xdc] to another XDC file and exclude this new file from synthesis with the used_in_synthesis property (File Properties dialog in GUI) and re-run elaboration/synthesis.
Completed Processing XDC Constraints

INFO: [Project 1-111] Unisim Transformation Summary:
No Unisim elements were transformed.

Constraint Validation Runtime : Time (s): cpu = 00:00:00 ; elapsed = 00:00:00.001 . Memory (MB): peak = 778.457 ; gain = 0.000
---------------------------------------------------------------------------------
Finished Constraint Validation : Time (s): cpu = 00:00:10 ; elapsed = 00:00:12 . Memory (MB): peak = 778.457 ; gain = 505.199
---------------------------------------------------------------------------------
---------------------------------------------------------------------------------
Start Loading Part and Timing Information
---------------------------------------------------------------------------------
Loading part: xc7a100tcsg324-1
---------------------------------------------------------------------------------
Finished Loading Part and Timing Information : Time (s): cpu = 00:00:10 ; elapsed = 00:00:12 . Memory (MB): peak = 778.457 ; gain = 505.199
---------------------------------------------------------------------------------
---------------------------------------------------------------------------------
Start Applying 'set_property' XDC Constraints
---------------------------------------------------------------------------------
---------------------------------------------------------------------------------
Finished applying 'set_property' XDC Constraints : Time (s): cpu = 00:00:10 ; elapsed = 00:00:12 . Memory (MB): peak = 778.457 ; gain = 505.199
---------------------------------------------------------------------------------
INFO: [Synth 8-5546] ROM "baud_x16_en_reg" won't be mapped to RAM because it is too sparse
INFO: [Synth 8-802] inferred FSM for state register 'state_reg' in module 'uart_rx_ctl'
INFO: [Synth 8-5544] ROM "over_sample_cnt_done" won't be mapped to Block RAM because address size (4) smaller than threshold (5)
INFO: [Synth 8-5544] ROM "bit_cnt_done" won't be mapped to Block RAM because address size (3) smaller than threshold (5)
INFO: [Synth 8-5544] ROM "bit_cnt" won't be mapped to Block RAM because address size (2) smaller than threshold (5)
INFO: [Synth 8-5544] ROM "bit_cnt" won't be mapped to Block RAM because address size (2) smaller than threshold (5)
INFO: [Synth 8-5544] ROM "state" won't be mapped to Block RAM because address size (1) smaller than threshold (5)
---------------------------------------------------------------------------------------------------
                   State |                     New Encoding |                Previous Encoding 
---------------------------------------------------------------------------------------------------
                 iSTATE1 |                               00 |                               00
                  iSTATE |                               01 |                               01
                 iSTATE0 |                               10 |                               10
                 iSTATE2 |                               11 |                               11
---------------------------------------------------------------------------------------------------
INFO: [Synth 8-3354] encoded FSM with state register 'state_reg' using encoding 'sequential' in module 'uart_rx_ctl'
---------------------------------------------------------------------------------
Finished RTL Optimization Phase 2 : Time (s): cpu = 00:00:10 ; elapsed = 00:00:12 . Memory (MB): peak = 778.457 ; gain = 505.199
---------------------------------------------------------------------------------

Report RTL Partitions: 
+-+--------------+------------+----------+
| |RTL Partition |Replication |Instances |
+-+--------------+------------+----------+
+-+--------------+------------+----------+
---------------------------------------------------------------------------------
Start RTL Component Statistics 
---------------------------------------------------------------------------------
Detailed RTL Component Info : 
+---Adders : 
	   2 Input      7 Bit       Adders := 1     
	   2 Input      4 Bit       Adders := 1     
	   2 Input      3 Bit       Adders := 1     
+---Registers : 
	                8 Bit    Registers := 2     
	                7 Bit    Registers := 1     
	                4 Bit    Registers := 2     
	                3 Bit    Registers := 1     
	                2 Bit    Registers := 1     
	                1 Bit    Registers := 10    
+---Muxes : 
	   2 Input      8 Bit        Muxes := 2     
	   2 Input      4 Bit        Muxes := 3     
	   4 Input      2 Bit        Muxes := 1     
	   2 Input      2 Bit        Muxes := 2     
	   6 Input      2 Bit        Muxes := 1     
	   2 Input      1 Bit        Muxes := 10    
	   4 Input      1 Bit        Muxes := 1     
---------------------------------------------------------------------------------
Finished RTL Component Statistics 
---------------------------------------------------------------------------------
---------------------------------------------------------------------------------
Start RTL Hierarchical Component Statistics 
---------------------------------------------------------------------------------
Hierarchical RTL Component report 
Module meta_harden 
Detailed RTL Component Info : 
+---Registers : 
	                1 Bit    Registers := 2     
Module uart_baud_gen 
Detailed RTL Component Info : 
+---Adders : 
	   2 Input      7 Bit       Adders := 1     
+---Registers : 
	                7 Bit    Registers := 1     
	                1 Bit    Registers := 1     
+---Muxes : 
	   2 Input      1 Bit        Muxes := 1     
Module uart_rx_ctl 
Detailed RTL Component Info : 
+---Adders : 
	   2 Input      4 Bit       Adders := 1     
	   2 Input      3 Bit       Adders := 1     
+---Registers : 
	                8 Bit    Registers := 1     
	                4 Bit    Registers := 1     
	                3 Bit    Registers := 1     
	                2 Bit    Registers := 1     
	                1 Bit    Registers := 2     
+---Muxes : 
	   2 Input      8 Bit        Muxes := 2     
	   2 Input      4 Bit        Muxes := 2     
	   4 Input      2 Bit        Muxes := 1     
	   2 Input      2 Bit        Muxes := 2     
	   6 Input      2 Bit        Muxes := 1     
	   2 Input      1 Bit        Muxes := 9     
	   4 Input      1 Bit        Muxes := 1     
Module led_ctl 
Detailed RTL Component Info : 
+---Registers : 
	                8 Bit    Registers := 1     
	                4 Bit    Registers := 1     
	                1 Bit    Registers := 1     
+---Muxes : 
	   2 Input      4 Bit        Muxes := 1     
---------------------------------------------------------------------------------
Finished RTL Hierarchical Component Statistics
---------------------------------------------------------------------------------
---------------------------------------------------------------------------------
Start Part Resource Summary
---------------------------------------------------------------------------------
Part Resources:
DSPs: 240 (col length:80)
BRAMs: 270 (col length: RAMB18 80 RAMB36 40)
---------------------------------------------------------------------------------
Finished Part Resource Summary
---------------------------------------------------------------------------------
---------------------------------------------------------------------------------
Start Cross Boundary and Area Optimization
---------------------------------------------------------------------------------
Warning: Parallel synthesis criteria is not met 
WARNING: [Synth 8-6014] Unused sequential element U0/uart_rx_i0/uart_rx_ctl_i0/frm_err_reg was removed.  [C:/Users/ASUS/Documents/CESE/CLP/Practicas/practica_2/practica_2.srcs/sources_1/imports/Archivos para la práctica-2-20251002/uart_rx_ctl.vhd:222]
INFO: [Synth 8-5546] ROM "U0/uart_rx_i0/uart_baud_gen_rx_i0/baud_x16_en_reg" won't be mapped to RAM because it is too sparse
---------------------------------------------------------------------------------
Finished Cross Boundary and Area Optimization : Time (s): cpu = 00:00:10 ; elapsed = 00:00:13 . Memory (MB): peak = 778.457 ; gain = 505.199
---------------------------------------------------------------------------------

Report RTL Partitions: 
+-+--------------+------------+----------+
| |RTL Partition |Replication |Instances |
+-+--------------+------------+----------+
+-+--------------+------------+----------+
---------------------------------------------------------------------------------
Start Applying XDC Timing Constraints
---------------------------------------------------------------------------------
---------------------------------------------------------------------------------
Finished Applying XDC Timing Constraints : Time (s): cpu = 00:00:16 ; elapsed = 00:00:19 . Memory (MB): peak = 778.457 ; gain = 505.199
---------------------------------------------------------------------------------
---------------------------------------------------------------------------------
Start Timing Optimization
---------------------------------------------------------------------------------
---------------------------------------------------------------------------------
Finished Timing Optimization : Time (s): cpu = 00:00:16 ; elapsed = 00:00:19 . Memory (MB): peak = 778.457 ; gain = 505.199
---------------------------------------------------------------------------------

Report RTL Partitions: 
+-+--------------+------------+----------+
| |RTL Partition |Replication |Instances |
+-+--------------+------------+----------+
+-+--------------+------------+----------+
---------------------------------------------------------------------------------
Start Technology Mapping
---------------------------------------------------------------------------------
---------------------------------------------------------------------------------
Finished Technology Mapping : Time (s): cpu = 00:00:16 ; elapsed = 00:00:19 . Memory (MB): peak = 787.270 ; gain = 514.012
---------------------------------------------------------------------------------

Report RTL Partitions: 
+-+--------------+------------+----------+
| |RTL Partition |Replication |Instances |
+-+--------------+------------+----------+
+-+--------------+------------+----------+
---------------------------------------------------------------------------------
Start IO Insertion
---------------------------------------------------------------------------------
---------------------------------------------------------------------------------
Start Flattening Before IO Insertion
---------------------------------------------------------------------------------
---------------------------------------------------------------------------------
Finished Flattening Before IO Insertion
---------------------------------------------------------------------------------
---------------------------------------------------------------------------------
Start Final Netlist Cleanup
---------------------------------------------------------------------------------
---------------------------------------------------------------------------------
Finished Final Netlist Cleanup
---------------------------------------------------------------------------------
---------------------------------------------------------------------------------
Finished IO Insertion : Time (s): cpu = 00:00:17 ; elapsed = 00:00:20 . Memory (MB): peak = 787.270 ; gain = 514.012
---------------------------------------------------------------------------------

Report Check Netlist: 
+------+------------------+-------+---------+-------+------------------+
|      |Item              |Errors |Warnings |Status |Description       |
+------+------------------+-------+---------+-------+------------------+
|1     |multi_driven_nets |      0|        0|Passed |Multi driven nets |
+------+------------------+-------+---------+-------+------------------+
---------------------------------------------------------------------------------
Start Renaming Generated Instances
---------------------------------------------------------------------------------
---------------------------------------------------------------------------------
Finished Renaming Generated Instances : Time (s): cpu = 00:00:17 ; elapsed = 00:00:20 . Memory (MB): peak = 787.270 ; gain = 514.012
---------------------------------------------------------------------------------

Report RTL Partitions: 
+-+--------------+------------+----------+
| |RTL Partition |Replication |Instances |
+-+--------------+------------+----------+
+-+--------------+------------+----------+
---------------------------------------------------------------------------------
Start Rebuilding User Hierarchy
---------------------------------------------------------------------------------
---------------------------------------------------------------------------------
Finished Rebuilding User Hierarchy : Time (s): cpu = 00:00:17 ; elapsed = 00:00:20 . Memory (MB): peak = 787.270 ; gain = 514.012
---------------------------------------------------------------------------------
---------------------------------------------------------------------------------
Start Renaming Generated Ports
---------------------------------------------------------------------------------
---------------------------------------------------------------------------------
Finished Renaming Generated Ports : Time (s): cpu = 00:00:17 ; elapsed = 00:00:20 . Memory (MB): peak = 787.270 ; gain = 514.012
---------------------------------------------------------------------------------
---------------------------------------------------------------------------------
Start Handling Custom Attributes
---------------------------------------------------------------------------------
---------------------------------------------------------------------------------
Finished Handling Custom Attributes : Time (s): cpu = 00:00:17 ; elapsed = 00:00:20 . Memory (MB): peak = 787.270 ; gain = 514.012
---------------------------------------------------------------------------------
---------------------------------------------------------------------------------
Start Renaming Generated Nets
---------------------------------------------------------------------------------
---------------------------------------------------------------------------------
Finished Renaming Generated Nets : Time (s): cpu = 00:00:17 ; elapsed = 00:00:20 . Memory (MB): peak = 787.270 ; gain = 514.012
---------------------------------------------------------------------------------
---------------------------------------------------------------------------------
Start Writing Synthesis Report
---------------------------------------------------------------------------------

Report BlackBoxes: 
+-+--------------+----------+
| |BlackBox name |Instances |
+-+--------------+----------+
+-+--------------+----------+

Report Cell Usage: 
+------+-----+------+
|      |Cell |Count |
+------+-----+------+
|1     |BUFG |     1|
|2     |LUT1 |     2|
|3     |LUT2 |     4|
|4     |LUT3 |     8|
|5     |LUT4 |     6|
|6     |LUT5 |    24|
|7     |LUT6 |    11|
|8     |FDRE |    44|
|9     |FDSE |     3|
|10    |IBUF |     4|
|11    |OBUF |     4|
+------+-----+------+

Report Instance Areas: 
+------+--------------------------+--------------+------+
|      |Instance                  |Module        |Cells |
+------+--------------------------+--------------+------+
|1     |top                       |              |   111|
|2     |  U0                      |uart_led      |   102|
|3     |    led_ctl_i0            |led_ctl       |    17|
|4     |    meta_harden_btn_i0    |meta_harden   |     2|
|5     |    meta_harden_rst_i0    |meta_harden_0 |     3|
|6     |    uart_rx_i0            |uart_rx       |    80|
|7     |      meta_harden_rxd_i0  |meta_harden_1 |     2|
|8     |      uart_baud_gen_rx_i0 |uart_baud_gen |    19|
|9     |      uart_rx_ctl_i0      |uart_rx_ctl   |    59|
+------+--------------------------+--------------+------+
---------------------------------------------------------------------------------
Finished Writing Synthesis Report : Time (s): cpu = 00:00:17 ; elapsed = 00:00:20 . Memory (MB): peak = 787.270 ; gain = 514.012
---------------------------------------------------------------------------------
Synthesis finished with 0 errors, 0 critical warnings and 1 warnings.
Synthesis Optimization Runtime : Time (s): cpu = 00:00:10 ; elapsed = 00:00:15 . Memory (MB): peak = 787.270 ; gain = 161.309
Synthesis Optimization Complete : Time (s): cpu = 00:00:17 ; elapsed = 00:00:20 . Memory (MB): peak = 787.270 ; gain = 514.012
INFO: [Project 1-571] Translating synthesized netlist
INFO: [Netlist 29-17] Analyzing 4 Unisim elements for replacement
INFO: [Netlist 29-28] Unisim Transformation completed in 0 CPU seconds
INFO: [Project 1-570] Preparing netlist for logic optimization
INFO: [Opt 31-138] Pushed 0 inverter(s) to 0 load pin(s).
INFO: [Project 1-111] Unisim Transformation Summary:
No Unisim elements were transformed.

INFO: [Common 17-83] Releasing license: Synthesis
45 Infos, 3 Warnings, 0 Critical Warnings and 0 Errors encountered.
synth_design completed successfully
synth_design: Time (s): cpu = 00:00:19 ; elapsed = 00:00:23 . Memory (MB): peak = 790.195 ; gain = 529.656
INFO: [Common 17-1381] The checkpoint 'C:/Users/ASUS/Documents/CESE/CLP/Practicas/practica_2/practica_2.runs/synth_1/uart_top.dcp' has been generated.
INFO: [runtcl-4] Executing : report_utilization -file uart_top_utilization_synth.rpt -pb uart_top_utilization_synth.pb
report_utilization: Time (s): cpu = 00:00:00 ; elapsed = 00:00:00.024 . Memory (MB): peak = 790.195 ; gain = 0.000
INFO: [Common 17-206] Exiting Vivado at Thu Oct  2 20:06:21 2025...
